<?xml version="1.0" encoding="UTF-8"?>
<!-- Generated by org.testng.reporters.JUnitReportReporter -->
<testsuite hostname="Aidan" name="com.learning.tests.TestCaseTestNg" tests="1" failures="0" timestamp="9 Dec 2015 03:22:46 GMT" time="36.846" errors="0">
  <testcase name="testClickOnSignIn" time="36.846" classname="com.learning.tests.TestCaseTestNg"/>
</testsuite> <!-- com.learning.tests.TestCaseTestNg -->
